Tue Jul 19 09:24:56 2022       
+-----------------------------------------------------------------------------+
| NVIDIA-SMI 470.129.06   Driver Version: 470.129.06   CUDA Version: 11.4     |
|-------------------------------+----------------------+----------------------+
| GPU  Name        Persistence-M| Bus-Id        Disp.A | Volatile Uncorr. ECC |
| Fan  Temp  Perf  Pwr:Usage/Cap|         Memory-Usage | GPU-Util  Compute M. |
|                               |                      |               MIG M. |
|===============================+======================+======================|
|   0  NVIDIA TITAN Xp     On   | 00000000:1C:00.0 Off |                  N/A |
| 23%   29C    P8     8W / 250W |      1MiB / 12196MiB |      0%      Default |
|                               |                      |                  N/A |
+-------------------------------+----------------------+----------------------+
                                                                               
+-----------------------------------------------------------------------------+
| Processes:                                                                  |
|  GPU   GI   CI        PID   Type   Process name                  GPU Memory |
|        ID   ID                                                   Usage      |
|=============================================================================|
|  No running processes found                                                 |
+-----------------------------------------------------------------------------+
Epochs:   0%|          | 0/117 [00:00<?, ?it/s]2022-07-19 09:26:51.758894: I tensorflow/core/platform/cpu_feature_guard.cc:193] This TensorFlow binary is optimized with oneAPI Deep Neural Network Library (oneDNN) to use the following CPU instructions in performance-critical operations:  AVX2 AVX512F FMA
To enable them in other operations, rebuild TensorFlow with the appropriate compiler flags.
2022-07-19 09:26:58.174637: I tensorflow/core/common_runtime/gpu/gpu_device.cc:1532] Created device /job:localhost/replica:0/task:0/device:GPU:0 with 11423 MB memory:  -> device: 0, name: NVIDIA TITAN Xp, pci bus id: 0000:1c:00.0, compute capability: 6.1

 Run: 183

 Random restart: 0
X
Training everything
2022-07-19 09:27:19.533635: I tensorflow/core/util/cuda_solvers.cc:179] Creating GpuSolver handles for stream 0x6128c40
ELBO: 2128.4078525087789
Y|X
Init: ker_len: 0.19907978077586608, ker_var: 1, like_var: 0.009887299614746811
Found: ker_len: 27.118188836228406, ker_var: 1.2493278793917269e-08, like_var: 0.9986551712945814
Training everything
2022-07-19 09:28:33.023527: W tensorflow/core/kernels/linalg/cholesky_op_gpu.cu.cc:211] Cholesky decomposition was not successful for batch 0. The input might not be valid. Filling lower-triangular output with NaNs.
2022-07-19 09:28:33.024339: E tensorflow/core/kernels/check_numerics_op.cc:293] abnormal_detected_host @0x7ff493006200 = {1, 0} LB is not finite!
InvalidArgumentError()
Increasing jitter to 9.999999999999999e-06
Y|X
Init: ker_len: 0.19907978077586608, ker_var: 1, like_var: 0.009887299614746811
Training everything
2022-07-19 09:28:53.958019: W tensorflow/core/kernels/linalg/cholesky_op_gpu.cu.cc:211] Cholesky decomposition was not successful for batch 0. The input might not be valid. Filling lower-triangular output with NaNs.
2022-07-19 09:28:53.958724: E tensorflow/core/kernels/check_numerics_op.cc:293] abnormal_detected_host @0x7ff493008e00 = {1, 0} LB is not finite!
InvalidArgumentError()
Increasing jitter to 9.999999999999999e-05
Y|X
Init: ker_len: 0.19907978077586608, ker_var: 1, like_var: 0.009887299614746811
Training everything
2022-07-19 09:35:59.184073: W tensorflow/core/kernels/linalg/cholesky_op_gpu.cu.cc:211] Cholesky decomposition was not successful for batch 0. The input might not be valid. Filling lower-triangular output with NaNs.
2022-07-19 09:35:59.185327: E tensorflow/core/kernels/check_numerics_op.cc:293] abnormal_detected_host @0x7ff493002d00 = {1, 0} LB is not finite!
InvalidArgumentError()
Increasing jitter to 0.001
Y|X
Init: ker_len: 0.19907978077586608, ker_var: 1, like_var: 0.009887299614746811
Training everything
ELBO: -1464.9848199531339
Y
Training everything
2022-07-19 09:49:47.133871: W tensorflow/core/kernels/linalg/cholesky_op_gpu.cu.cc:211] Cholesky decomposition was not successful for batch 0. The input might not be valid. Filling lower-triangular output with NaNs.
2022-07-19 09:49:47.134696: E tensorflow/core/kernels/check_numerics_op.cc:293] abnormal_detected_host @0x7ff493007e00 = {1, 0} LB is not finite! 
InvalidArgumentError()
Increasing jitter to 9.999999999999999e-06
Y
Training everything
2022-07-19 09:51:35.304567: W tensorflow/core/kernels/linalg/cholesky_op_gpu.cu.cc:211] Cholesky decomposition was not successful for batch 0. The input might not be valid. Filling lower-triangular output with NaNs.
2022-07-19 09:51:35.305710: E tensorflow/core/kernels/check_numerics_op.cc:293] abnormal_detected_host @0x7ff49300a300 = {1, 0} LB is not finite! 
InvalidArgumentError()
Increasing jitter to 9.999999999999999e-05
Y
Training everything
ELBO: -1251.2151979018417
2022-07-19 09:55:22.563002: W tensorflow/core/kernels/linalg/cholesky_op_gpu.cu.cc:211] Cholesky decomposition was not successful for batch 0. The input might not be valid. Filling lower-triangular output with NaNs.
X|Y
Init: ker_len: 0.05252632624723028, ker_var: 1, like_var: 0.0001894419214563169
Training everything
ELBO: 1868.8150684052639
2128.407852508779 -1464.9848199531339 -1251.2151979018417 1868.815068405264

 Random restart: 1
X
Training everything
ELBO: 2128.4078495491212
Y|X
Init: ker_len: 0.01474040285704928, ker_var: 1, like_var: 0.012472795275626426
Training everything
ELBO: 2128.3104087213374
Y
Training everything
2022-07-19 10:01:49.646645: W tensorflow/core/kernels/linalg/cholesky_op_gpu.cu.cc:211] Cholesky decomposition was not successful for batch 0. The input might not be valid. Filling lower-triangular output with NaNs.
2022-07-19 10:01:49.647317: E tensorflow/core/kernels/check_numerics_op.cc:293] abnormal_detected_host @0x7ff493007700 = {1, 0} LB is not finite! 
InvalidArgumentError()
Increasing jitter to 9.999999999999999e-06
Y
Training everything
ELBO: -1167.0789053747003
2022-07-19 10:03:14.033870: W tensorflow/core/kernels/linalg/cholesky_op_gpu.cu.cc:211] Cholesky decomposition was not successful for batch 0. The input might not be valid. Filling lower-triangular output with NaNs.
X|Y
Init: ker_len: 0.18216286298027345, ker_var: 1, like_var: 0.0014724986458293319
Training everything
ELBO: 1868.4500725738383
2128.4078495491212 2128.3104087213374 -1167.0789053747003 1868.4500725738383

 Random restart: 2
X
Training everything
ELBO: 2128.4078105267349
Y|X
Init: ker_len: 0.013679992764157722, ker_var: 1, like_var: 0.023607421619907667
Training everything
ELBO: 2128.3106246723805
Y
Training everything
2022-07-19 10:09:07.017082: W tensorflow/core/kernels/linalg/cholesky_op_gpu.cu.cc:211] Cholesky decomposition was not successful for batch 0. The input might not be valid. Filling lower-triangular output with NaNs.
2022-07-19 10:09:07.017967: E tensorflow/core/kernels/check_numerics_op.cc:293] abnormal_detected_host @0x7ff493002600 = {1, 0} LB is not finite! 
InvalidArgumentError()
Increasing jitter to 9.999999999999999e-06
Y
Training everything
2022-07-19 10:09:54.515715: W tensorflow/core/kernels/linalg/cholesky_op_gpu.cu.cc:211] Cholesky decomposition was not successful for batch 0. The input might not be valid. Filling lower-triangular output with NaNs.
2022-07-19 10:09:54.516610: E tensorflow/core/kernels/check_numerics_op.cc:293] abnormal_detected_host @0x7ff493004b00 = {1, 0} LB is not finite! 
InvalidArgumentError()
Increasing jitter to 9.999999999999999e-05
Y
Training everything
ELBO: -1224.1928813386967
2022-07-19 10:13:14.214268: W tensorflow/core/kernels/linalg/cholesky_op_gpu.cu.cc:211] Cholesky decomposition was not successful for batch 0. The input might not be valid. Filling lower-triangular output with NaNs.
X|Y
Init: ker_len: 0.03390546951923, ker_var: 1, like_var: 0.020700367559591065
Found: ker_len: 0.05924098784510757, ker_var: 0.4362734914860342, like_var: 0.6839528897064375
Training everything
ELBO: 1868.2769987685856
2128.407810526735 2128.3106246723805 -1224.1928813386967 1868.2769987685856

 Random restart: 3
X
Training everything
ELBO: 2128.4081869247661
Y|X
Init: ker_len: 0.012214868440748823, ker_var: 1, like_var: 0.010574930883078223
Training everything
2022-07-19 10:18:41.491440: W tensorflow/core/kernels/linalg/cholesky_op_gpu.cu.cc:211] Cholesky decomposition was not successful for batch 0. The input might not be valid. Filling lower-triangular output with NaNs.
2022-07-19 10:18:41.492115: E tensorflow/core/kernels/check_numerics_op.cc:293] abnormal_detected_host @0x7ff493002d00 = {1, 0} LB is not finite!
InvalidArgumentError()
Increasing jitter to 9.999999999999999e-06
Y|X
Init: ker_len: 0.012214868440748823, ker_var: 1, like_var: 0.010574930883078223
Found: ker_len: 0.0011839301375325044, ker_var: 3.4704424702812483e-06, like_var: 0.9986527549688773
Training everything
ELBO: 2128.3104685263665
Y
Training everything
2022-07-19 10:19:53.809332: W tensorflow/core/kernels/linalg/cholesky_op_gpu.cu.cc:211] Cholesky decomposition was not successful for batch 0. The input might not be valid. Filling lower-triangular output with NaNs.
2022-07-19 10:19:53.810226: E tensorflow/core/kernels/check_numerics_op.cc:293] abnormal_detected_host @0x7ff493007e00 = {1, 0} LB is not finite! 
InvalidArgumentError()
Increasing jitter to 9.999999999999999e-06
Y
Training everything
ELBO: -1200.3689714311072
2022-07-19 10:21:28.334164: W tensorflow/core/kernels/linalg/cholesky_op_gpu.cu.cc:211] Cholesky decomposition was not successful for batch 0. The input might not be valid. Filling lower-triangular output with NaNs.
X|Y
Init: ker_len: 0.03446137220292011, ker_var: 1, like_var: 0.002068321763742411
Found: ker_len: 0.09930437427342734, ker_var: 0.49265054337181147, like_var: 0.6876648652263447
Training everything
ELBO: 1868.3460197347067
2128.408186924766 2128.3104685263665 -1200.3689714311072 1868.3460197347067

 Random restart: 4
X
Training everything
ELBO: 2128.4082837771402
Y|X
Init: ker_len: 0.012258695562328751, ker_var: 1, like_var: 0.00011352559949667396
Training everything
ELBO: 2128.3104465036636
Y
Training everything
2022-07-19 10:26:47.234774: W tensorflow/core/kernels/linalg/cholesky_op_gpu.cu.cc:211] Cholesky decomposition was not successful for batch 0. The input might not be valid. Filling lower-triangular output with NaNs.
2022-07-19 10:26:47.235574: E tensorflow/core/kernels/check_numerics_op.cc:293] abnormal_detected_host @0x7ff493007700 = {1, 0} LB is not finite! 
InvalidArgumentError()
Increasing jitter to 9.999999999999999e-06
Y
Training everything
2022-07-19 10:27:51.629069: W tensorflow/core/kernels/linalg/cholesky_op_gpu.cu.cc:211] Cholesky decomposition was not successful for batch 0. The input might not be valid. Filling lower-triangular output with NaNs.
2022-07-19 10:27:51.630146: E tensorflow/core/kernels/check_numerics_op.cc:293] abnormal_detected_host @0x7ff493009c00 = {1, 0} LB is not finite! 
InvalidArgumentError()
Increasing jitter to 9.999999999999999e-05
Y
Training everything
ELBO: -1240.0349764705975
2022-07-19 10:32:44.884419: W tensorflow/core/kernels/linalg/cholesky_op_gpu.cu.cc:211] Cholesky decomposition was not successful for batch 0. The input might not be valid. Filling lower-triangular output with NaNs.
X|Y
Init: ker_len: 0.01601972220510806, ker_var: 1, like_var: 0.00015511513477108123
Found: ker_len: 0.09906037259515513, ker_var: 0.4930838563411109, like_var: 0.6875485325972595
Training everything
ELBO: 1868.4334472152441
2128.4082837771402 2128.3104465036636 -1240.0349764705975 1868.433447215244

 Random restart: 5
X
Training everything
ELBO: 2128.4085079426595
Y|X
Init: ker_len: 0.13775268142528233, ker_var: 1, like_var: 0.0001361340756142139
Found: ker_len: 40.67853986438003, ker_var: 2.233304160065526e-13, like_var: 0.9986549918159092
Training everything
ELBO: 2137.6696934587535
Y
Training everything
2022-07-19 10:39:26.780017: W tensorflow/core/kernels/linalg/cholesky_op_gpu.cu.cc:211] Cholesky decomposition was not successful for batch 0. The input might not be valid. Filling lower-triangular output with NaNs.
2022-07-19 10:39:26.780826: E tensorflow/core/kernels/check_numerics_op.cc:293] abnormal_detected_host @0x7ff493007700 = {1, 0} LB is not finite! 
InvalidArgumentError()
Increasing jitter to 9.999999999999999e-06
Y
Training everything
2022-07-19 10:40:17.302299: W tensorflow/core/kernels/linalg/cholesky_op_gpu.cu.cc:211] Cholesky decomposition was not successful for batch 0. The input might not be valid. Filling lower-triangular output with NaNs.
2022-07-19 10:40:17.303134: E tensorflow/core/kernels/check_numerics_op.cc:293] abnormal_detected_host @0x7ff493002600 = {1, 0} LB is not finite! 
InvalidArgumentError()
Increasing jitter to 9.999999999999999e-05
Y
Training everything
ELBO: -1203.2494049607494
2022-07-19 10:45:07.084798: W tensorflow/core/kernels/linalg/cholesky_op_gpu.cu.cc:211] Cholesky decomposition was not successful for batch 0. The input might not be valid. Filling lower-triangular output with NaNs.
X|Y
Init: ker_len: 0.02140628317085129, ker_var: 1, like_var: 0.0011795264589920657
Training everything
2022-07-19 10:45:16.202379: W tensorflow/core/kernels/linalg/cholesky_op_gpu.cu.cc:211] Cholesky decomposition was not successful for batch 0. The input might not be valid. Filling lower-triangular output with NaNs.
2022-07-19 10:45:16.203250: E tensorflow/core/kernels/check_numerics_op.cc:293] abnormal_detected_host @0x7ff493007700 = {1, 0} LB is not finite!
InvalidArgumentError()
Increasing jitter to 9.999999999999999e-06
X|Y
Init: ker_len: 0.02140628317085129, ker_var: 1, like_var: 0.0011795264589920657
Training everything
ELBO: 2128.3107130817
2128.4085079426595 2137.6696934587535 -1203.2494049607494 2128.3107130817

 Random restart: 6
X
Training everything
ELBO: 2128.4079564645053
Y|X
Init: ker_len: 0.011101102844164159, ker_var: 1, like_var: 0.0002452560532494852
Training everything
ELBO: 2128.3104476252106
Y
Training everything
2022-07-19 10:47:54.418375: W tensorflow/core/kernels/linalg/cholesky_op_gpu.cu.cc:211] Cholesky decomposition was not successful for batch 0. The input might not be valid. Filling lower-triangular output with NaNs.
2022-07-19 10:47:54.419209: E tensorflow/core/kernels/check_numerics_op.cc:293] abnormal_detected_host @0x7ff493005200 = {1, 0} LB is not finite! 
InvalidArgumentError()
Increasing jitter to 9.999999999999999e-06
Y
Training everything
2022-07-19 10:48:14.853857: W tensorflow/core/kernels/linalg/cholesky_op_gpu.cu.cc:211] Cholesky decomposition was not successful for batch 0. The input might not be valid. Filling lower-triangular output with NaNs.
2022-07-19 10:48:14.854620: E tensorflow/core/kernels/check_numerics_op.cc:293] abnormal_detected_host @0x7ff493007700 = {1, 0} LB is not finite! 
InvalidArgumentError()
Increasing jitter to 9.999999999999999e-05
Y
Training everything
ELBO: -1224.0863911063993
2022-07-19 10:52:09.190879: W tensorflow/core/kernels/linalg/cholesky_op_gpu.cu.cc:211] Cholesky decomposition was not successful for batch 0. The input might not be valid. Filling lower-triangular output with NaNs.
X|Y
Init: ker_len: 0.01619755514876416, ker_var: 1, like_var: 0.0002038765867675761
Found: ker_len: 0.059291039495585514, ker_var: 0.4365489812295703, like_var: 0.6839837802023064
Training everything
ELBO: 1868.34229978736
2128.4079564645053 2128.3104476252106 -1224.0863911063993 1868.34229978736

 Random restart: 7
X
Training everything
ELBO: 2128.4078897288982
Y|X
Init: ker_len: 0.03995830312152662, ker_var: 1, like_var: 0.007842349382203403
Training everything
2022-07-19 10:57:53.024499: W tensorflow/core/kernels/linalg/cholesky_op_gpu.cu.cc:211] Cholesky decomposition was not successful for batch 0. The input might not be valid. Filling lower-triangular output with NaNs.
2022-07-19 10:57:53.025183: E tensorflow/core/kernels/check_numerics_op.cc:293] abnormal_detected_host @0x7ff493005200 = {1, 0} LB is not finite!
InvalidArgumentError()
Increasing jitter to 9.999999999999999e-06
Y|X
Init: ker_len: 0.03995830312152662, ker_var: 1, like_var: 0.007842349382203403
Found: ker_len: 9.292904854902044, ker_var: 2.5606399924139848e-08, like_var: 0.9986089789488413
Training everything
ELBO: 2139.7201106433213
Y
Training everything
2022-07-19 10:58:34.173352: W tensorflow/core/kernels/linalg/cholesky_op_gpu.cu.cc:211] Cholesky decomposition was not successful for batch 0. The input might not be valid. Filling lower-triangular output with NaNs.
2022-07-19 10:58:34.174092: E tensorflow/core/kernels/check_numerics_op.cc:293] abnormal_detected_host @0x7ff49300a300 = {1, 0} LB is not finite! 
InvalidArgumentError()
Increasing jitter to 9.999999999999999e-06
Y
Training everything
2022-07-19 10:59:51.762236: W tensorflow/core/kernels/linalg/cholesky_op_gpu.cu.cc:211] Cholesky decomposition was not successful for batch 0. The input might not be valid. Filling lower-triangular output with NaNs.
2022-07-19 10:59:51.763642: E tensorflow/core/kernels/check_numerics_op.cc:293] abnormal_detected_host @0x7ff49300c800 = {1, 0} LB is not finite! 
InvalidArgumentError()
Increasing jitter to 9.999999999999999e-05
Y
Training everything
2022-07-19 11:04:37.144442: W tensorflow/core/kernels/linalg/cholesky_op_gpu.cu.cc:211] Cholesky decomposition was not successful for batch 0. The input might not be valid. Filling lower-triangular output with NaNs.
2022-07-19 11:04:37.145553: E tensorflow/core/kernels/check_numerics_op.cc:293] abnormal_detected_host @0x7ff493002600 = {1, 0} LB is not finite! 
InvalidArgumentError()
Increasing jitter to 0.001
Y
Training everything
ELBO: -1226.2383568092855
2022-07-19 11:12:49.655816: W tensorflow/core/kernels/linalg/cholesky_op_gpu.cu.cc:211] Cholesky decomposition was not successful for batch 0. The input might not be valid. Filling lower-triangular output with NaNs.
X|Y
Init: ker_len: 0.07149633927193244, ker_var: 1, like_var: 0.00039543016241443574
Found: ker_len: 0.09933110584560274, ker_var: 0.4929032879053179, like_var: 0.6876622631375384
Training everything
ELBO: 1868.344354177161
2128.407889728898 2139.7201106433213 -1226.2383568092855 1868.344354177161

 Random restart: 8
X
Training everything
ELBO: 2128.407911051419
Y|X
Init: ker_len: 0.026654897923695832, ker_var: 1, like_var: 0.007310888553952161
Found: ker_len: 0.4558410848576172, ker_var: 5.690057173869853e-10, like_var: 0.9986559698392946
Training everything
2022-07-19 11:18:15.797598: W tensorflow/core/kernels/linalg/cholesky_op_gpu.cu.cc:211] Cholesky decomposition was not successful for batch 0. The input might not be valid. Filling lower-triangular output with NaNs.
2022-07-19 11:18:15.798411: E tensorflow/core/kernels/check_numerics_op.cc:293] abnormal_detected_host @0x7ff493005200 = {1, 0} LB is not finite!
InvalidArgumentError()
Increasing jitter to 9.999999999999999e-06
Y|X
Init: ker_len: 0.026654897923695832, ker_var: 1, like_var: 0.007310888553952161
Training everything
ELBO: -1191.14181156397
Y
Training everything
2022-07-19 11:19:28.902061: W tensorflow/core/kernels/linalg/cholesky_op_gpu.cu.cc:211] Cholesky decomposition was not successful for batch 0. The input might not be valid. Filling lower-triangular output with NaNs.
2022-07-19 11:19:28.902985: E tensorflow/core/kernels/check_numerics_op.cc:293] abnormal_detected_host @0x7ff493005200 = {1, 0} LB is not finite! 
InvalidArgumentError()
Increasing jitter to 9.999999999999999e-06
Y
Training everything
2022-07-19 11:19:46.194330: W tensorflow/core/kernels/linalg/cholesky_op_gpu.cu.cc:211] Cholesky decomposition was not successful for batch 0. The input might not be valid. Filling lower-triangular output with NaNs.
2022-07-19 11:19:46.196817: E tensorflow/core/kernels/check_numerics_op.cc:293] abnormal_detected_host @0x7ff493007700 = {1, 0} LB is not finite! 
InvalidArgumentError()
Increasing jitter to 9.999999999999999e-05
Y
Training everything
ELBO: -1232.7250881156951
2022-07-19 11:23:58.072209: W tensorflow/core/kernels/linalg/cholesky_op_gpu.cu.cc:211] Cholesky decomposition was not successful for batch 0. The input might not be valid. Filling lower-triangular output with NaNs.
X|Y
Init: ker_len: 0.02834708410989512, ker_var: 1, like_var: 0.00043119546684979227
Training everything
2022-07-19 11:24:23.062844: W tensorflow/core/kernels/linalg/cholesky_op_gpu.cu.cc:211] Cholesky decomposition was not successful for batch 0. The input might not be valid. Filling lower-triangular output with NaNs.
2022-07-19 11:24:23.063589: E tensorflow/core/kernels/check_numerics_op.cc:293] abnormal_detected_host @0x7ff49300c800 = {1, 0} LB is not finite!
InvalidArgumentError()
Increasing jitter to 9.999999999999999e-06
X|Y
Init: ker_len: 0.02834708410989512, ker_var: 1, like_var: 0.00043119546684979227
Training everything
ELBO: 2128.31049075015
2128.407911051419 -1191.14181156397 -1232.7250881156951 2128.31049075015

 Random restart: 9
X
Training everything
ELBO: 2128.4079965569631
Y|X
Init: ker_len: 0.010912556253402891, ker_var: 1, like_var: 0.00036620281774709675
Found: ker_len: 0.00016260233639640723, ker_var: 0.805763118560972, like_var: 0.23025734972510717
Training everything
2022-07-19 11:26:23.824204: W tensorflow/core/kernels/linalg/cholesky_op_gpu.cu.cc:211] Cholesky decomposition was not successful for batch 0. The input might not be valid. Filling lower-triangular output with NaNs.
2022-07-19 11:26:23.825069: E tensorflow/core/kernels/check_numerics_op.cc:293] abnormal_detected_host @0x7ff493005200 = {1, 0} LB is not finite!
InvalidArgumentError()
Increasing jitter to 9.999999999999999e-06
Y|X
Init: ker_len: 0.010912556253402891, ker_var: 1, like_var: 0.00036620281774709675
Training everything
2022-07-19 11:26:33.593489: W tensorflow/core/kernels/linalg/cholesky_op_gpu.cu.cc:211] Cholesky decomposition was not successful for batch 0. The input might not be valid. Filling lower-triangular output with NaNs.
2022-07-19 11:26:33.594201: E tensorflow/core/kernels/check_numerics_op.cc:293] abnormal_detected_host @0x7ff493007e00 = {1, 0} LB is not finite!
InvalidArgumentError()
Increasing jitter to 9.999999999999999e-05
Y|X
Init: ker_len: 0.010912556253402891, ker_var: 1, like_var: 0.00036620281774709675
Training everything
ELBO: 2128.3107096203189
Y
Training everything
2022-07-19 11:27:29.887952: W tensorflow/core/kernels/linalg/cholesky_op_gpu.cu.cc:211] Cholesky decomposition was not successful for batch 0. The input might not be valid. Filling lower-triangular output with NaNs.
2022-07-19 11:27:29.888762: E tensorflow/core/kernels/check_numerics_op.cc:293] abnormal_detected_host @0x7ff493002600 = {1, 0} LB is not finite! 
InvalidArgumentError()
Increasing jitter to 9.999999999999999e-06
Y
Training everything
2022-07-19 11:28:04.754178: W tensorflow/core/kernels/linalg/cholesky_op_gpu.cu.cc:211] Cholesky decomposition was not successful for batch 0. The input might not be valid. Filling lower-triangular output with NaNs.
2022-07-19 11:28:04.755163: E tensorflow/core/kernels/check_numerics_op.cc:293] abnormal_detected_host @0x7ff493004b00 = {1, 0} LB is not finite! 
InvalidArgumentError()
Increasing jitter to 9.999999999999999e-05
Y
Training everything
ELBO: -1251.653423616056
2022-07-19 11:31:33.140318: W tensorflow/core/kernels/linalg/cholesky_op_gpu.cu.cc:211] Cholesky decomposition was not successful for batch 0. The input might not be valid. Filling lower-triangular output with NaNs.
X|Y
Init: ker_len: 0.012256068491768971, ker_var: 1, like_var: 0.15930553969953903
Found: ker_len: 0.09932285427556989, ker_var: 0.49280171169894055, like_var: 0.6876440919357224
Training everything
slurmstepd: error: *** JOB 56532 ON kingfisher CANCELLED AT 2022-07-19T11:35:09 ***
